<?xml version="1.0" encoding="UTF-8"?>
<!-- Generated by org.testng.reporters.JUnitXMLReporter -->
<testsuite hostname="LAPTOP-G3MDKHV7" ignored="0" name="Test" tests="6" failures="0" timestamp="28 Apr 2020 10:49:32 GMT" time="0.037" errors="0">
  <testcase name="sam5" time="0.01" classname="mavenJava.functionality.AppiumTest"/>
  <testcase name="sam6" time="0.001" classname="mavenJava.functionality.AppiumTest"/>
  <testcase name="sam1" time="0.001" classname="mavenJava.functionality.WebSreviceTest"/>
  <testcase name="sam2" time="0.001" classname="mavenJava.functionality.WebSreviceTest"/>
  <testcase name="sam3" time="0.001" classname="mavenJava.functionality.RestApiTest"/>
  <testcase name="sam4" time="0.001" classname="mavenJava.functionality.RestApiTest"/>
</testsuite> <!-- Test -->
